Установка конвейера в состояние PAUSED…
Конвейер работает и не требует состояния PREROLL…
Установка конвейера в состояние PLAYING…
New clock: GstSystemClock
/GstPipeline:pipeline0/GstCapsFilter:capsfilter0.GstPad:src: caps = audio/x-raw, format=(string)S16LE, layout=(string)interleaved, rate=(int)44100, channels=(int)1
/GstPipeline:pipeline0/GstQueue:queue0.GstPad:sink: caps = audio/x-raw, format=(string)S16LE, layout=(string)interleaved, rate=(int)44100, channels=(int)1
/GstPipeline:pipeline0/GstQueue:queue0.GstPad:sink: caps = audio/x-raw, format=(string)S16LE, layout=(string)interleaved, rate=(int)44100, channels=(int)1
Перераспределение латентности…
/GstPipeline:pipeline0/GstPulseSink:pulsesink0.GstPad:sink: caps = audio/x-raw, format=(string)S16LE, layout=(string)interleaved, rate=(int)44100, channels=(int)1
/GstPipeline:pipeline0/GstJpegDec:jpegdec0.GstPad:sink: caps = image/jpeg
/GstPipeline:pipeline0/GstJpegDec:jpegdec0.GstPad:src: caps = video/x-raw, format=(string)I420, width=(int)1280, height=(int)720, interlace-mode=(string)progressive, pixel-aspect-ratio=(fraction)1/1, chroma-site=(string)mpeg2, colorimetry=(string)1:4:0:0, framerate=(fraction)0/1
/GstPipeline:pipeline0/GstVideoConvert:videoconvert0.GstPad:src: caps = video/x-raw, width=(int)1280, height=(int)720, interlace-mode=(string)progressive, pixel-aspect-ratio=(fraction)1/1, framerate=(fraction)0/1, format=(string)YUY2, colorimetry=(string)2:4:7:1
/GstPipeline:pipeline0/GstVideoScale:videoscale0.GstPad:src: caps = video/x-raw, width=(int)640, height=(int)480, interlace-mode=(string)progressive, pixel-aspect-ratio=(fraction)1/1, framerate=(fraction)0/1, format=(string)YUY2, colorimetry=(string)2:4:7:1
/GstPipeline:pipeline0/GstVideoRate:videorate0.GstPad:src: caps = video/x-raw, width=(int)640, height=(int)480, interlace-mode=(string)progressive, pixel-aspect-ratio=(fraction)1/1, framerate=(fraction)5/1, format=(string)YUY2, colorimetry=(string)2:4:7:1
/GstPipeline:pipeline0/GstCapsFilter:capsfilter1.GstPad:src: caps = video/x-raw, width=(int)640, height=(int)480, interlace-mode=(string)progressive, pixel-aspect-ratio=(fraction)1/1, framerate=(fraction)5/1, format=(string)YUY2, colorimetry=(string)2:4:7:1
/GstPipeline:pipeline0/GstV4l2Sink:v4l2sink0.GstPad:sink: caps = video/x-raw, width=(int)640, height=(int)480, interlace-mode=(string)progressive, pixel-aspect-ratio=(fraction)1/1, framerate=(fraction)5/1, format=(string)YUY2, colorimetry=(string)2:4:7:1
/GstPipeline:pipeline0/GstCapsFilter:capsfilter1.GstPad:sink: caps = video/x-raw, width=(int)640, height=(int)480, interlace-mode=(string)progressive, pixel-aspect-ratio=(fraction)1/1, framerate=(fraction)5/1, format=(string)YUY2, colorimetry=(string)2:4:7:1
/GstPipeline:pipeline0/GstVideoRate:videorate0.GstPad:sink: caps = video/x-raw, width=(int)640, height=(int)480, interlace-mode=(string)progressive, pixel-aspect-ratio=(fraction)1/1, framerate=(fraction)0/1, format=(string)YUY2, colorimetry=(string)2:4:7:1
/GstPipeline:pipeline0/GstVideoScale:videoscale0.GstPad:sink: caps = video/x-raw, width=(int)1280, height=(int)720, interlace-mode=(string)progressive, pixel-aspect-ratio=(fraction)1/1, framerate=(fraction)0/1, format=(string)YUY2, colorimetry=(string)2:4:7:1
/GstPipeline:pipeline0/GstVideoConvert:videoconvert0.GstPad:sink: caps = video/x-raw, format=(string)I420, width=(int)1280, height=(int)720, interlace-mode=(string)progressive, pixel-aspect-ratio=(fraction)1/1, chroma-site=(string)mpeg2, colorimetry=(string)1:4:0:0, framerate=(fraction)0/1
НАЙДЕН ТЕГ: найден элементом «v4l2sink0».
формат контейнера: Multipart
ПРЕДУПРЕЖДЕНИЕ: от элемента /GstPipeline:pipeline0: Ошибка GStreamer: проблема синхронизации.
Дополнительная отладочная информация:
gstbin.c(2785): gst_bin_do_latency_func (): /GstPipeline:pipeline0:
Impossible to configure latency: max 0:00:00.000000000 < min 0:00:00.110000000. Add queues or other buffering elements.
/GstPipeline:pipeline0/GstPulseSink:pulsesink0: volume = 1
/GstPipeline:pipeline0/GstPulseSink:pulsesink0: mute = false
/GstPipeline:pipeline0/GstPulseSink:pulsesink0: current-device = ipwebcam
ПРЕДУПРЕЖДЕНИЕ: от элемента /GstPipeline:pipeline0/GstV4l2Sink:v4l2sink0: Многое из буфера было отброшено.
Дополнительная отладочная информация:
gstbasesink.c(2834): gst_base_sink_is_too_late (): /GstPipeline:pipeline0/GstV4l2Sink:v4l2sink0:
There may be a timestamping problem, or this computer is too slow.
ПРЕДУПРЕЖДЕНИЕ: от элемента /GstPipeline:pipeline0/GstV4l2Sink:v4l2sink0: Многое из буфера было отброшено.
Дополнительная отладочная информация:
gstbasesink.c(2834): gst_base_sink_is_too_late (): /GstPipeline:pipeline0/GstV4l2Sink:v4l2sink0:
There may be a timestamping problem, or this computer is too slow.
ПРЕДУПРЕЖДЕНИЕ: от элемента /GstPipeline:pipeline0/GstV4l2Sink:v4l2sink0: Многое из буфера было отброшено.
Дополнительная отладочная информация:
gstbasesink.c(2834): gst_base_sink_is_too_late (): /GstPipeline:pipeline0/GstV4l2Sink:v4l2sink0:
There may be a timestamping problem, or this computer is too slow.
ПРЕДУПРЕЖДЕНИЕ: от элемента /GstPipeline:pipeline0/GstV4l2Sink:v4l2sink0: Многое из буфера было отброшено.
Дополнительная отладочная информация:
gstbasesink.c(2834): gst_base_sink_is_too_late (): /GstPipeline:pipeline0/GstV4l2Sink:v4l2sink0:
There may be a timestamping problem, or this computer is too slow.
ПРЕДУПРЕЖДЕНИЕ: от элемента /GstPipeline:pipeline0/GstV4l2Sink:v4l2sink0: Многое из буфера было отброшено.
Дополнительная отладочная информация:
gstbasesink.c(2834): gst_base_sink_is_too_late (): /GstPipeline:pipeline0/GstV4l2Sink:v4l2sink0:
There may be a timestamping problem, or this computer is too slow.
ПРЕДУПРЕЖДЕНИЕ: от элемента /GstPipeline:pipeline0/GstV4l2Sink:v4l2sink0: Многое из буфера было отброшено.
Дополнительная отладочная информация:
gstbasesink.c(2834): gst_base_sink_is_too_late (): /GstPipeline:pipeline0/GstV4l2Sink:v4l2sink0:
There may be a timestamping problem, or this computer is too slow.
ПРЕДУПРЕЖДЕНИЕ: от элемента /GstPipeline:pipeline0/GstV4l2Sink:v4l2sink0: Многое из буфера было отброшено.
Дополнительная отладочная информация:
gstbasesink.c(2834): gst_base_sink_is_too_late (): /GstPipeline:pipeline0/GstV4l2Sink:v4l2sink0:
There may be a timestamping problem, or this computer is too slow.
ПРЕДУПРЕЖДЕНИЕ: от элемента /GstPipeline:pipeline0/GstV4l2Sink:v4l2sink0: Многое из буфера было отброшено.
Дополнительная отладочная информация:
gstbasesink.c(2834): gst_base_sink_is_too_late (): /GstPipeline:pipeline0/GstV4l2Sink:v4l2sink0:
There may be a timestamping problem, or this computer is too slow.
ПРЕДУПРЕЖДЕНИЕ: от элемента /GstPipeline:pipeline0/GstV4l2Sink:v4l2sink0: Многое из буфера было отброшено.
Дополнительная отладочная информация:
gstbasesink.c(2834): gst_base_sink_is_too_late (): /GstPipeline:pipeline0/GstV4l2Sink:v4l2sink0:
There may be a timestamping problem, or this computer is too slow.
ПРЕДУПРЕЖДЕНИЕ: от элемента /GstPipeline:pipeline0/GstV4l2Sink:v4l2sink0: Многое из буфера было отброшено.
Дополнительная отладочная информация:
gstbasesink.c(2834): gst_base_sink_is_too_late (): /GstPipeline:pipeline0/GstV4l2Sink:v4l2sink0:
There may be a timestamping problem, or this computer is too slow.
ПРЕДУПРЕЖДЕНИЕ: от элемента /GstPipeline:pipeline0/GstV4l2Sink:v4l2sink0: Многое из буфера было отброшено.
Дополнительная отладочная информация:
gstbasesink.c(2834): gst_base_sink_is_too_late (): /GstPipeline:pipeline0/GstV4l2Sink:v4l2sink0:
There may be a timestamping problem, or this computer is too slow.
ПРЕДУПРЕЖДЕНИЕ: от элемента /GstPipeline:pipeline0/GstV4l2Sink:v4l2sink0: Многое из буфера было отброшено.
Дополнительная отладочная информация:
gstbasesink.c(2834): gst_base_sink_is_too_late (): /GstPipeline:pipeline0/GstV4l2Sink:v4l2sink0:
There may be a timestamping problem, or this computer is too slow.
ПРЕДУПРЕЖДЕНИЕ: от элемента /GstPipeline:pipeline0/GstV4l2Sink:v4l2sink0: Многое из буфера было отброшено.
Дополнительная отладочная информация:
gstbasesink.c(2834): gst_base_sink_is_too_late (): /GstPipeline:pipeline0/GstV4l2Sink:v4l2sink0:
There may be a timestamping problem, or this computer is too slow.
ПРЕДУПРЕЖДЕНИЕ: от элемента /GstPipeline:pipeline0/GstV4l2Sink:v4l2sink0: Многое из буфера было отброшено.
Дополнительная отладочная информация:
gstbasesink.c(2834): gst_base_sink_is_too_late (): /GstPipeline:pipeline0/GstV4l2Sink:v4l2sink0:
There may be a timestamping problem, or this computer is too slow.
ПРЕДУПРЕЖДЕНИЕ: от элемента /GstPipeline:pipeline0/GstV4l2Sink:v4l2sink0: Многое из буфера было отброшено.
Дополнительная отладочная информация:
gstbasesink.c(2834): gst_base_sink_is_too_late (): /GstPipeline:pipeline0/GstV4l2Sink:v4l2sink0:
There may be a timestamping problem, or this computer is too slow.
ПРЕДУПРЕЖДЕНИЕ: от элемента /GstPipeline:pipeline0/GstV4l2Sink:v4l2sink0: Многое из буфера было отброшено.
Дополнительная отладочная информация:
gstbasesink.c(2834): gst_base_sink_is_too_late (): /GstPipeline:pipeline0/GstV4l2Sink:v4l2sink0:
There may be a timestamping problem, or this computer is too slow.
ПРЕДУПРЕЖДЕНИЕ: от элемента /GstPipeline:pipeline0/GstV4l2Sink:v4l2sink0: Многое из буфера было отброшено.
Дополнительная отладочная информация:
gstbasesink.c(2834): gst_base_sink_is_too_late (): /GstPipeline:pipeline0/GstV4l2Sink:v4l2sink0:
There may be a timestamping problem, or this computer is too slow.
ПРЕДУПРЕЖДЕНИЕ: от элемента /GstPipeline:pipeline0/GstV4l2Sink:v4l2sink0: Многое из буфера было отброшено.
Дополнительная отладочная информация:
gstbasesink.c(2834): gst_base_sink_is_too_late (): /GstPipeline:pipeline0/GstV4l2Sink:v4l2sink0:
There may be a timestamping problem, or this computer is too slow.
ПРЕДУПРЕЖДЕНИЕ: от элемента /GstPipeline:pipeline0/GstV4l2Sink:v4l2sink0: Многое из буфера было отброшено.
Дополнительная отладочная информация:
gstbasesink.c(2834): gst_base_sink_is_too_late (): /GstPipeline:pipeline0/GstV4l2Sink:v4l2sink0:
There may be a timestamping problem, or this computer is too slow.
ПРЕДУПРЕЖДЕНИЕ: от элемента /GstPipeline:pipeline0/GstV4l2Sink:v4l2sink0: Многое из буфера было отброшено.
Дополнительная отладочная информация:
gstbasesink.c(2834): gst_base_sink_is_too_late (): /GstPipeline:pipeline0/GstV4l2Sink:v4l2sink0:
There may be a timestamping problem, or this computer is too slow.
ПРЕДУПРЕЖДЕНИЕ: от элемента /GstPipeline:pipeline0/GstV4l2Sink:v4l2sink0: Многое из буфера было отброшено.
Дополнительная отладочная информация:
gstbasesink.c(2834): gst_base_sink_is_too_late (): /GstPipeline:pipeline0/GstV4l2Sink:v4l2sink0:
There may be a timestamping problem, or this computer is too slow.
ПРЕДУПРЕЖДЕНИЕ: от элемента /GstPipeline:pipeline0/GstV4l2Sink:v4l2sink0: Многое из буфера было отброшено.
Дополнительная отладочная информация:
gstbasesink.c(2834): gst_base_sink_is_too_late (): /GstPipeline:pipeline0/GstV4l2Sink:v4l2sink0:
There may be a timestamping problem, or this computer is too slow.
ПРЕДУПРЕЖДЕНИЕ: от элемента /GstPipeline:pipeline0/GstV4l2Sink:v4l2sink0: Многое из буфера было отброшено.
Дополнительная отладочная информация:
gstbasesink.c(2834): gst_base_sink_is_too_late (): /GstPipeline:pipeline0/GstV4l2Sink:v4l2sink0:
There may be a timestamping problem, or this computer is too slow.
ПРЕДУПРЕЖДЕНИЕ: от элемента /GstPipeline:pipeline0/GstV4l2Sink:v4l2sink0: Многое из буфера было отброшено.
Дополнительная отладочная информация:
gstbasesink.c(2834): gst_base_sink_is_too_late (): /GstPipeline:pipeline0/GstV4l2Sink:v4l2sink0:
There may be a timestamping problem, or this computer is too slow.
Получен маркер EOS («конец потока») от элемента «pipeline0».
Execution ended after 0:00:51.945213409
Установка конвейера в состояние PAUSED…
Установка конвейера в состояние READY…
Установка конвейера в состояние NULL…
Освобождение конвейера…
